[INFO] Scanning for projects...
[INFO] 
[INFO] --------------< com.courseselect:course-selection-system >--------------
[INFO] Building CourseSelectionSystem 1.0.0
[INFO]   from pom.xml
[INFO] --------------------------------[ jar ]---------------------------------
[INFO] 
[INFO] --- resources:3.3.1:resources (default-resources) @ course-selection-system ---
[INFO] Copying 1 resource from src\main\resources to target\classes
[INFO] Copying 8 resources from src\main\resources to target\classes
[INFO] 
[INFO] --- compiler:3.11.0:compile (default-compile) @ course-selection-system ---
[INFO] Changes detected - recompiling the module! :source
[INFO] Compiling 25 source files with javac [debug release 17] to target\classes
[INFO] ------------------------------------------------------------------------
[INFO] BUILD SUCCESS
[INFO] ------------------------------------------------------------------------
[INFO] Total time:  5.433 s
[INFO] Finished at: 2026-05-09T20:24:38+08:00
[INFO] ------------------------------------------------------------------------
